<?xml version="1.0" encoding="UTF-8"?>
<testsuites name="PoppoBuilder Notification Tests" tests="0" failures="0" errors="0" time="0.3">
</testsuites>